# JRE version: Java(TM) SE Runtime Environment (8.0_221-b11) (build 1.8.0_221-b11)
# Java VM: Java HotSpot(TM) 64-Bit Server VM (25.221-b11 mixed mode windows-amd64 compressed oops)
Heap:
 PSYoungGen      total 461824K, used 231424K [0x00000000d5c00000, 0x0000000100000000, 0x0000000100000000)
  eden space 231424K, 100% used [0x00000000d5c00000,0x00000000e3e00000,0x00000000e3e00000)
  from space 230400K, 0% used [0x00000000e3e00000,0x00000000e3e00000,0x00000000f1f00000)
  to   space 230400K, 0% used [0x00000000f1f00000,0x00000000f1f00000,0x0000000100000000)
 ParOldGen       total 1384448K, used 1383121K [0x0000000081400000, 0x00000000d5c00000, 0x00000000d5c00000)
  object space 1384448K, 99% used [0x0000000081400000,0x00000000d5ab47e0,0x00000000d5c00000)
 Metaspace       used 37160K, capacity 38302K, committed 38784K, reserved 1083392K
  class space    used 4301K, capacity 4597K, committed 4736K, reserved 1048576K
GC Heap History (10 events):
Event: 569.225 GC heap after
Heap after GC invocations=198 (full 153):
 PSYoungGen      total 461824K, used 231422K [0x00000000d5c00000, 0x0000000100000000, 0x0000000100000000)
  eden space 231424K, 99% used [0x00000000d5c00000,0x00000000e3dff828,0x00000000e3e00000)
  from space 230400K, 0% used [0x00000000e3e00000,0x00000000e3e00000,0x00000000f1f00000)
  to   space 230400K, 0% used [0x00000000f1f00000,0x00000000f1f00000,0x0000000100000000)
 ParOldGen       total 1384448K, used 1383121K [0x0000000081400000, 0x00000000d5c00000, 0x00000000d5c00000)
  object space 1384448K, 99% used [0x0000000081400000,0x00000000d5ab47e0,0x00000000d5c00000)
 Metaspace       used 37160K, capacity 38302K, committed 38784K, reserved 1083392K
  class space    used 4301K, capacity 4597K, committed 4736K, reserved 1048576K
}
Event: 569.226 GC heap before
{Heap before GC invocations=199 (full 154):
 PSYoungGen      total 461824K, used 231424K [0x00000000d5c00000, 0x0000000100000000, 0x0000000100000000)
  eden space 231424K, 100% used [0x00000000d5c00000,0x00000000e3e00000,0x00000000e3e00000)
  from space 230400K, 0% used [0x00000000e3e00000,0x00000000e3e00000,0x00000000f1f00000)
  to   space 230400K, 0% used [0x00000000f1f00000,0x00000000f1f00000,0x0000000100000000)
 ParOldGen       total 1384448K, used 1383121K [0x0000000081400000, 0x00000000d5c00000, 0x00000000d5c00000)
  object space 1384448K, 99% used [0x0000000081400000,0x00000000d5ab47e0,0x00000000d5c00000)
 Metaspace       used 37160K, capacity 38302K, committed 38784K, reserved 1083392K
  class space    used 4301K, capacity 4597K, committed 4736K, reserved 1048576K
Event: 569.323 GC heap after
Heap after GC invocations=199 (full 154):
 PSYoungGen      total 461824K, used 231422K [0x00000000d5c00000, 0x0000000100000000, 0x0000000100000000)
  eden space 231424K, 99% used [0x00000000d5c00000,0x00000000e3dff840,0x00000000e3e00000)
  from space 230400K, 0% used [0x00000000e3e00000,0x00000000e3e00000,0x00000000f1f00000)
  to   space 230400K, 0% used [0x00000000f1f00000,0x00000000f1f00000,0x0000000100000000)
 ParOldGen       total 1384448K, used 1383121K [0x0000000081400000, 0x00000000d5c00000, 0x00000000d5c00000)
  object space 1384448K, 99% used [0x0000000081400000,0x00000000d5ab47e0,0x00000000d5c00000)
 Metaspace       used 37160K, capacity 38302K, committed 38784K, reserved 1083392K
  class space    used 4301K, capacity 4597K, committed 4736K, reserved 1048576K
}
Event: 569.324 GC heap before
{Heap before GC invocations=200 (full 155):
 PSYoungGen      total 461824K, used 231424K [0x00000000d5c00000, 0x0000000100000000, 0x0000000100000000)
  eden space 231424K, 100% used [0x00000000d5c00000,0x00000000e3e00000,0x00000000e3e00000)
  from space 230400K, 0% used [0x00000000e3e00000,0x00000000e3e00000,0x00000000f1f00000)
  to   space 230400K, 0% used [0x00000000f1f00000,0x00000000f1f00000,0x0000000100000000)
 ParOldGen       total 1384448K, used 1383121K [0x0000000081400000, 0x00000000d5c00000, 0x00000000d5c00000)
  object space 1384448K, 99% used [0x0000000081400000,0x00000000d5ab47e0,0x00000000d5c00000)
 Metaspace       used 37160K, capacity 38302K, committed 38784K, reserved 1083392K
  class space    used 4301K, capacity 4597K, committed 4736K, reserved 1048576K
Event: 569.425 GC heap after
Heap after GC invocations=200 (full 155):
 PSYoungGen      total 461824K, used 231421K [0x00000000d5c00000, 0x0000000100000000, 0x0000000100000000)
  eden space 231424K, 99% used [0x00000000d5c00000,0x00000000e3dff7d0,0x00000000e3e00000)
  from space 230400K, 0% used [0x00000000e3e00000,0x00000000e3e00000,0x00000000f1f00000)
  to   space 230400K, 0% used [0x00000000f1f00000,0x00000000f1f00000,0x0000000100000000)
 ParOldGen       total 1384448K, used 1383121K [0x0000000081400000, 0x00000000d5c00000, 0x00000000d5c00000)
  object space 1384448K, 99% used [0x0000000081400000,0x00000000d5ab47e0,0x00000000d5c00000)
 Metaspace       used 37160K, capacity 38302K, committed 38784K, reserved 1083392K
  class space    used 4301K, capacity 4597K, committed 4736K, reserved 1048576K
}
Event: 569.429 GC heap before
{Heap before GC invocations=201 (full 156):
 PSYoungGen      total 461824K, used 231424K [0x00000000d5c00000, 0x0000000100000000, 0x0000000100000000)
  eden space 231424K, 100% used [0x00000000d5c00000,0x00000000e3e00000,0x00000000e3e00000)
  from space 230400K, 0% used [0x00000000e3e00000,0x00000000e3e00000,0x00000000f1f00000)
  to   space 230400K, 0% used [0x00000000f1f00000,0x00000000f1f00000,0x0000000100000000)
 ParOldGen       total 1384448K, used 1383121K [0x0000000081400000, 0x00000000d5c00000, 0x00000000d5c00000)
  object space 1384448K, 99% used [0x0000000081400000,0x00000000d5ab47e0,0x00000000d5c00000)
 Metaspace       used 37160K, capacity 38302K, committed 38784K, reserved 1083392K
  class space    used 4301K, capacity 4597K, committed 4736K, reserved 1048576K
Event: 569.532 GC heap after
Heap after GC invocations=201 (full 156):
 PSYoungGen      total 461824K, used 231422K [0x00000000d5c00000, 0x0000000100000000, 0x0000000100000000)
  eden space 231424K, 99% used [0x00000000d5c00000,0x00000000e3dff860,0x00000000e3e00000)
  from space 230400K, 0% used [0x00000000e3e00000,0x00000000e3e00000,0x00000000f1f00000)
  to   space 230400K, 0% used [0x00000000f1f00000,0x00000000f1f00000,0x0000000100000000)
 ParOldGen       total 1384448K, used 1383121K [0x0000000081400000, 0x00000000d5c00000, 0x00000000d5c00000)
  object space 1384448K, 99% used [0x0000000081400000,0x00000000d5ab47e0,0x00000000d5c00000)
 Metaspace       used 37160K, capacity 38302K, committed 38784K, reserved 1083392K
  class space    used 4301K, capacity 4597K, committed 4736K, reserved 1048576K
}
Event: 569.535 GC heap before
{Heap before GC invocations=202 (full 157):
 PSYoungGen      total 461824K, used 231424K [0x00000000d5c00000, 0x0000000100000000, 0x0000000100000000)
  eden space 231424K, 100% used [0x00000000d5c00000,0x00000000e3e00000,0x00000000e3e00000)
  from space 230400K, 0% used [0x00000000e3e00000,0x00000000e3e00000,0x00000000f1f00000)
  to   space 230400K, 0% used [0x00000000f1f00000,0x00000000f1f00000,0x0000000100000000)
 ParOldGen       total 1384448K, used 1383121K [0x0000000081400000, 0x00000000d5c00000, 0x00000000d5c00000)
  object space 1384448K, 99% used [0x0000000081400000,0x00000000d5ab47e0,0x00000000d5c00000)
 Metaspace       used 37160K, capacity 38302K, committed 38784K, reserved 1083392K
  class space    used 4301K, capacity 4597K, committed 4736K, reserved 1048576K
Event: 569.631 GC heap after
Heap after GC invocations=202 (full 157):
 PSYoungGen      total 461824K, used 231422K [0x00000000d5c00000, 0x0000000100000000, 0x0000000100000000)
  eden space 231424K, 99% used [0x00000000d5c00000,0x00000000e3dff930,0x00000000e3e00000)
  from space 230400K, 0% used [0x00000000e3e00000,0x00000000e3e00000,0x00000000f1f00000)
  to   space 230400K, 0% used [0x00000000f1f00000,0x00000000f1f00000,0x0000000100000000)
 ParOldGen       total 1384448K, used 1383121K [0x0000000081400000, 0x00000000d5c00000, 0x00000000d5c00000)
  object space 1384448K, 99% used [0x0000000081400000,0x00000000d5ab47e0,0x00000000d5c00000)
 Metaspace       used 37160K, capacity 38302K, committed 38784K, reserved 1083392K
  class space    used 4301K, capacity 4597K, committed 4736K, reserved 1048576K
}
Event: 569.634 GC heap before
{Heap before GC invocations=203 (full 158):
 PSYoungGen      total 461824K, used 231424K [0x00000000d5c00000, 0x0000000100000000, 0x0000000100000000)
  eden space 231424K, 100% used [0x00000000d5c00000,0x00000000e3e00000,0x00000000e3e00000)
  from space 230400K, 0% used [0x00000000e3e00000,0x00000000e3e00000,0x00000000f1f00000)
  to   space 230400K, 0% used [0x00000000f1f00000,0x00000000f1f00000,0x0000000100000000)
 ParOldGen       total 1384448K, used 1383121K [0x0000000081400000, 0x00000000d5c00000, 0x00000000d5c00000)
  object space 1384448K, 99% used [0x0000000081400000,0x00000000d5ab47e0,0x00000000d5c00000)
 Metaspace       used 37160K, capacity 38302K, committed 38784K, reserved 1083392K
  class space    used 4301K, capacity 4597K, committed 4736K, reserved 1048576K

