# JRE version: Java(TM) SE Runtime Environment (8.0_221-b11) (build 1.8.0_221-b11)
# Java VM: Java HotSpot(TM) 64-Bit Server VM (25.221-b11 mixed mode windows-amd64 compressed oops)
Heap:
 PSYoungGen      total 461824K, used 231424K [0x00000000d5c00000, 0x0000000100000000, 0x0000000100000000)
  eden space 231424K, 100% used [0x00000000d5c00000,0x00000000e3e00000,0x00000000e3e00000)
  from space 230400K, 0% used [0x00000000e3e00000,0x00000000e3e00000,0x00000000f1f00000)
  to   space 230400K, 0% used [0x00000000f1f00000,0x00000000f1f00000,0x0000000100000000)
 ParOldGen       total 1384448K, used 1378999K [0x0000000081400000, 0x00000000d5c00000, 0x00000000d5c00000)
  object space 1384448K, 99% used [0x0000000081400000,0x00000000d56adcc0,0x00000000d5c00000)
 Metaspace       used 37342K, capacity 38468K, committed 38656K, reserved 1083392K
  class space    used 4294K, capacity 4566K, committed 4608K, reserved 1048576K
GC Heap History (10 events):
Event: 829.476 GC heap after
Heap after GC invocations=383 (full 342):
 PSYoungGen      total 461824K, used 231422K [0x00000000d5c00000, 0x0000000100000000, 0x0000000100000000)
  eden space 231424K, 99% used [0x00000000d5c00000,0x00000000e3dff958,0x00000000e3e00000)
  from space 230400K, 0% used [0x00000000e3e00000,0x00000000e3e00000,0x00000000f1f00000)
  to   space 230400K, 0% used [0x00000000f1f00000,0x00000000f1f00000,0x0000000100000000)
 ParOldGen       total 1384448K, used 1378999K [0x0000000081400000, 0x00000000d5c00000, 0x00000000d5c00000)
  object space 1384448K, 99% used [0x0000000081400000,0x00000000d56adce0,0x00000000d5c00000)
 Metaspace       used 37342K, capacity 38468K, committed 38656K, reserved 1083392K
  class space    used 4294K, capacity 4566K, committed 4608K, reserved 1048576K
}
Event: 829.477 GC heap before
{Heap before GC invocations=384 (full 343):
 PSYoungGen      total 461824K, used 231424K [0x00000000d5c00000, 0x0000000100000000, 0x0000000100000000)
  eden space 231424K, 100% used [0x00000000d5c00000,0x00000000e3e00000,0x00000000e3e00000)
  from space 230400K, 0% used [0x00000000e3e00000,0x00000000e3e00000,0x00000000f1f00000)
  to   space 230400K, 0% used [0x00000000f1f00000,0x00000000f1f00000,0x0000000100000000)
 ParOldGen       total 1384448K, used 1378999K [0x0000000081400000, 0x00000000d5c00000, 0x00000000d5c00000)
  object space 1384448K, 99% used [0x0000000081400000,0x00000000d56adce0,0x00000000d5c00000)
 Metaspace       used 37342K, capacity 38468K, committed 38656K, reserved 1083392K
  class space    used 4294K, capacity 4566K, committed 4608K, reserved 1048576K
Event: 829.580 GC heap after
Heap after GC invocations=384 (full 343):
 PSYoungGen      total 461824K, used 231422K [0x00000000d5c00000, 0x0000000100000000, 0x0000000100000000)
  eden space 231424K, 99% used [0x00000000d5c00000,0x00000000e3dff970,0x00000000e3e00000)
  from space 230400K, 0% used [0x00000000e3e00000,0x00000000e3e00000,0x00000000f1f00000)
  to   space 230400K, 0% used [0x00000000f1f00000,0x00000000f1f00000,0x0000000100000000)
 ParOldGen       total 1384448K, used 1378999K [0x0000000081400000, 0x00000000d5c00000, 0x00000000d5c00000)
  object space 1384448K, 99% used [0x0000000081400000,0x00000000d56adce0,0x00000000d5c00000)
 Metaspace       used 37342K, capacity 38468K, committed 38656K, reserved 1083392K
  class space    used 4294K, capacity 4566K, committed 4608K, reserved 1048576K
}
Event: 829.580 GC heap before
{Heap before GC invocations=385 (full 344):
 PSYoungGen      total 461824K, used 231424K [0x00000000d5c00000, 0x0000000100000000, 0x0000000100000000)
  eden space 231424K, 100% used [0x00000000d5c00000,0x00000000e3e00000,0x00000000e3e00000)
  from space 230400K, 0% used [0x00000000e3e00000,0x00000000e3e00000,0x00000000f1f00000)
  to   space 230400K, 0% used [0x00000000f1f00000,0x00000000f1f00000,0x0000000100000000)
 ParOldGen       total 1384448K, used 1378999K [0x0000000081400000, 0x00000000d5c00000, 0x00000000d5c00000)
  object space 1384448K, 99% used [0x0000000081400000,0x00000000d56adce0,0x00000000d5c00000)
 Metaspace       used 37342K, capacity 38468K, committed 38656K, reserved 1083392K
  class space    used 4294K, capacity 4566K, committed 4608K, reserved 1048576K
Event: 829.700 GC heap after
Heap after GC invocations=385 (full 344):
 PSYoungGen      total 461824K, used 231422K [0x00000000d5c00000, 0x0000000100000000, 0x0000000100000000)
  eden space 231424K, 99% used [0x00000000d5c00000,0x00000000e3dff8b8,0x00000000e3e00000)
  from space 230400K, 0% used [0x00000000e3e00000,0x00000000e3e00000,0x00000000f1f00000)
  to   space 230400K, 0% used [0x00000000f1f00000,0x00000000f1f00000,0x0000000100000000)
 ParOldGen       total 1384448K, used 1378999K [0x0000000081400000, 0x00000000d5c00000, 0x00000000d5c00000)
  object space 1384448K, 99% used [0x0000000081400000,0x00000000d56adce0,0x00000000d5c00000)
 Metaspace       used 37342K, capacity 38468K, committed 38656K, reserved 1083392K
  class space    used 4294K, capacity 4566K, committed 4608K, reserved 1048576K
}
Event: 829.701 GC heap before
{Heap before GC invocations=386 (full 345):
 PSYoungGen      total 461824K, used 231424K [0x00000000d5c00000, 0x0000000100000000, 0x0000000100000000)
  eden space 231424K, 100% used [0x00000000d5c00000,0x00000000e3e00000,0x00000000e3e00000)
  from space 230400K, 0% used [0x00000000e3e00000,0x00000000e3e00000,0x00000000f1f00000)
  to   space 230400K, 0% used [0x00000000f1f00000,0x00000000f1f00000,0x0000000100000000)
 ParOldGen       total 1384448K, used 1378999K [0x0000000081400000, 0x00000000d5c00000, 0x00000000d5c00000)
  object space 1384448K, 99% used [0x0000000081400000,0x00000000d56adce0,0x00000000d5c00000)
 Metaspace       used 37342K, capacity 38468K, committed 38656K, reserved 1083392K
  class space    used 4294K, capacity 4566K, committed 4608K, reserved 1048576K
Event: 829.820 GC heap after
Heap after GC invocations=386 (full 345):
 PSYoungGen      total 461824K, used 231422K [0x00000000d5c00000, 0x0000000100000000, 0x0000000100000000)
  eden space 231424K, 99% used [0x00000000d5c00000,0x00000000e3dff8b0,0x00000000e3e00000)
  from space 230400K, 0% used [0x00000000e3e00000,0x00000000e3e00000,0x00000000f1f00000)
  to   space 230400K, 0% used [0x00000000f1f00000,0x00000000f1f00000,0x0000000100000000)
 ParOldGen       total 1384448K, used 1378999K [0x0000000081400000, 0x00000000d5c00000, 0x00000000d5c00000)
  object space 1384448K, 99% used [0x0000000081400000,0x00000000d56adce0,0x00000000d5c00000)
 Metaspace       used 37342K, capacity 38468K, committed 38656K, reserved 1083392K
  class space    used 4294K, capacity 4566K, committed 4608K, reserved 1048576K
}
Event: 829.820 GC heap before
{Heap before GC invocations=387 (full 346):
 PSYoungGen      total 461824K, used 231424K [0x00000000d5c00000, 0x0000000100000000, 0x0000000100000000)
  eden space 231424K, 100% used [0x00000000d5c00000,0x00000000e3e00000,0x00000000e3e00000)
  from space 230400K, 0% used [0x00000000e3e00000,0x00000000e3e00000,0x00000000f1f00000)
  to   space 230400K, 0% used [0x00000000f1f00000,0x00000000f1f00000,0x0000000100000000)
 ParOldGen       total 1384448K, used 1378999K [0x0000000081400000, 0x00000000d5c00000, 0x00000000d5c00000)
  object space 1384448K, 99% used [0x0000000081400000,0x00000000d56adce0,0x00000000d5c00000)
 Metaspace       used 37342K, capacity 38468K, committed 38656K, reserved 1083392K
  class space    used 4294K, capacity 4566K, committed 4608K, reserved 1048576K
Event: 829.926 GC heap after
Heap after GC invocations=387 (full 346):
 PSYoungGen      total 461824K, used 231422K [0x00000000d5c00000, 0x0000000100000000, 0x0000000100000000)
  eden space 231424K, 99% used [0x00000000d5c00000,0x00000000e3dff878,0x00000000e3e00000)
  from space 230400K, 0% used [0x00000000e3e00000,0x00000000e3e00000,0x00000000f1f00000)
  to   space 230400K, 0% used [0x00000000f1f00000,0x00000000f1f00000,0x0000000100000000)
 ParOldGen       total 1384448K, used 1378999K [0x0000000081400000, 0x00000000d5c00000, 0x00000000d5c00000)
  object space 1384448K, 99% used [0x0000000081400000,0x00000000d56adcc0,0x00000000d5c00000)
 Metaspace       used 37342K, capacity 38468K, committed 38656K, reserved 1083392K
  class space    used 4294K, capacity 4566K, committed 4608K, reserved 1048576K
}
Event: 829.926 GC heap before
{Heap before GC invocations=388 (full 347):
 PSYoungGen      total 461824K, used 231424K [0x00000000d5c00000, 0x0000000100000000, 0x0000000100000000)
  eden space 231424K, 100% used [0x00000000d5c00000,0x00000000e3e00000,0x00000000e3e00000)
  from space 230400K, 0% used [0x00000000e3e00000,0x00000000e3e00000,0x00000000f1f00000)
  to   space 230400K, 0% used [0x00000000f1f00000,0x00000000f1f00000,0x0000000100000000)
 ParOldGen       total 1384448K, used 1378999K [0x0000000081400000, 0x00000000d5c00000, 0x00000000d5c00000)
  object space 1384448K, 99% used [0x0000000081400000,0x00000000d56adcc0,0x00000000d5c00000)
 Metaspace       used 37342K, capacity 38468K, committed 38656K, reserved 1083392K
  class space    used 4294K, capacity 4566K, committed 4608K, reserved 1048576K

