<?xml version="1.0" encoding="UTF-8"?>
<!-- Generated by org.testng.reporters.JUnitXMLReporter -->
<testsuite hostname="DESKTOP-4FTJ60U" ignored="0" name="regression-Tests" tests="19" failures="0" timestamp="13 Jan 2020 10:45:01 GMT" time="1840.434" errors="0">
  <testcase name="test" time="400.433" classname="enh.web.tests.ZestIOT_AV_2268_Validate_Accuracy_of_COBT_For_DIALCelebi_User"/>
  <testcase name="test" time="218.264" classname="enh.web.tests.ZestIOT_AV_2268_Validate_Accuracy_of_COBT_For_GMR_HYD_AISATS_User"/>
  <testcase name="test" time="91.006" classname="enh.web.tests.ZestIOT_AV_2268_Validate_Accuracy_of_COBT_For_GMR_HYD_SG_User"/>
  <testcase name="test" time="28.607" classname="enh.web.tests.ZestIOT_AV_2293_AISATS_HYD_Identify_coverage_of_Flight_Sensor_and_Validate_timestamps_of_Arrival_Aircrafts"/>
  <testcase name="test" time="17.119" classname="enh.web.tests.ZestIOT_AV_2293_BSSPL_Delhi_Identify_coverage_of_Flight_Sensor_and_Validate_timestamps_of_Arrival_Aircrafts"/>
  <testcase name="test" time="17.342" classname="enh.web.tests.ZestIOT_AV_2293_CELEBI_Delhi_Identify_coverage_of_Flight_Sensor_and_Validate_timestamps_of_Arrival_Aircrafts"/>
  <testcase name="test" time="20.706" classname="enh.web.tests.ZestIOT_AV_2293_DIAL_Delhi_Identify_coverage_of_Flight_Sensor_and_Validate_timestamps_of_Arrival_Aircrafts"/>
  <testcase name="test" time="27.655" classname="enh.web.tests.ZestIOT_AV_2293_GMR_HYD_Identify_coverage_of_Flight_Sensor_and_Validate_timestamps_of_Arrival_Aircrafts"/>
  <testcase name="test" time="26.209" classname="enh.web.tests.ZestIOT_AV_2293_SG_HYD_Identify_coverage_of_Flight_Sensor_and_Validate_timestamps_of_Arrival_Aircrafts"/>
  <testcase name="test" time="27.646" classname="enh.web.tests.ZestIOT_AV_2294__AISATS_HYD_Identify_coverage_of_Flight_Sensor_and_Validate_timestamps_of_Departure_Aircrafts"/>
  <testcase name="test" time="22.037" classname="enh.web.tests.ZestIOT_AV_2294__BSSPL_Delhi_Identify_coverage_of_Flight_Sensor_and_Validate_timestamps_of_Departure_Aircrafts"/>
  <testcase name="test" time="25.423" classname="enh.web.tests.ZestIOT_AV_2294__CELEBI_Delhi_Identify_coverage_of_Flight_Sensor_and_Validate_timestamps_of_Departure_Aircrafts"/>
  <testcase name="test" time="31.994" classname="enh.web.tests.ZestIOT_AV_2294__DIAL_Delhi_Identify_coverage_of_Flight_Sensor_and_Validate_timestamps_of_Departure_Aircrafts"/>
  <testcase name="test" time="39.085" classname="enh.web.tests.ZestIOT_AV_2294__GMR_HYD_Identify_coverage_of_Flight_Sensor_and_Validate_timestamps_of_Departure_Aircrafts"/>
  <testcase name="test" time="27.721" classname="enh.web.tests.ZestIOT_AV_2294__SG_HYD_Identify_coverage_of_Flight_Sensor_and_Validate_timestamps_of_Departure_Aircrafts"/>
  <testcase name="test" time="50.399" classname="enh.web.tests.ZestIOT_AV_2307_DIAL_Delhi_Validate_LANDING_ONBLOCK_OFFBLOCK_AIRBORNE_timestamps_of_Arrival_and_Departure_aircrafts_Any_Data_source"/>
  <testcase name="test" time="46.711" classname="enh.web.tests.ZestIOT_AV_2307_GMR_HYD_Validate_LANDING_ONBLOCK_OFFBLOCK_AIRBORNE_timestamps_of_Arrival_and_Departure_aircrafts_Any_Data_source"/>
  <testcase name="test" time="45.099" classname="enh.web.tests.ZestIOT_AV_2307_SG_HYD_Validate_LANDING_ONBLOCK_OFFBLOCK_AIRBORNE_timestamps_of_Arrival_and_Departure_aircrafts_Any_Data_source"/>
  <testcase name="test" time="601.637" classname="enh.web.tests.ZestIOT_AV_2405_bsspl"/>
</testsuite> <!-- regression-Tests -->
