<?xml version="1.0" encoding="UTF-8"?>
<!-- Generated by org.testng.reporters.JUnitXMLReporter -->
<testsuite hostname="DESKTOP-4FTJ60U" ignored="0" name="regression-Tests" tests="2" failures="0" timestamp="27 Dec 2019 08:21:13 GMT" time="36.929" errors="0">
  <testcase name="test" time="5.201" classname="enh.web.tests.ZestIOT_AV_2268_Validate_Accuracy_of_COBT_For_GMR_HYD_SG_User"/>
  <testcase name="test" time="18.666" classname="enh.web.tests.ZestIOT_AV_2293_SG_HYD_Identify_coverage_of_Flight_Sensor_and_Validate_timestamps_of_Arrival_Aircrafts"/>
</testsuite> <!-- regression-Tests -->
