<?xml version="1.0" encoding="UTF-8"?>
<testng-results skipped="0" failed="0" ignored="0" total="19" passed="19">
  <reporter-output>
  </reporter-output>
  <suite name="regression" duration-ms="1840434" started-at="2020-01-13T10:14:18Z" finished-at="2020-01-13T10:44:58Z">
    <groups>
      <group name="Regression">
        <method signature="ZestIOT_AV_2268_Validate_Accuracy_of_COBT_For_DIALCelebi_User.test()[pri:0, instance:enh.web.tests.ZestIOT_AV_2268_Validate_Accuracy_of_COBT_For_DIALCelebi_User@409bf450]" name="test" class="enh.web.tests.ZestIOT_AV_2268_Validate_Accuracy_of_COBT_For_DIALCelebi_User"/>
        <method signature="ZestIOT_AV_2268_Validate_Accuracy_of_COBT_For_GMR_HYD_AISATS_User.test()[pri:0, instance:enh.web.tests.ZestIOT_AV_2268_Validate_Accuracy_of_COBT_For_GMR_HYD_AISATS_User@38d8f54a]" name="test" class="enh.web.tests.ZestIOT_AV_2268_Validate_Accuracy_of_COBT_For_GMR_HYD_AISATS_User"/>
        <method signature="ZestIOT_AV_2268_Validate_Accuracy_of_COBT_For_GMR_HYD_SG_User.test()[pri:0, instance:enh.web.tests.ZestIOT_AV_2268_Validate_Accuracy_of_COBT_For_GMR_HYD_SG_User@49e53c76]" name="test" class="enh.web.tests.ZestIOT_AV_2268_Validate_Accuracy_of_COBT_For_GMR_HYD_SG_User"/>
        <method signature="ZestIOT_AV_2293_AISATS_HYD_Identify_coverage_of_Flight_Sensor_and_Validate_timestamps_of_Arrival_Aircrafts.test()[pri:0, instance:enh.web.tests.ZestIOT_AV_2293_AISATS_HYD_Identify_coverage_of_Flight_Sensor_and_Validate_timestamps_of_Arrival_Aircrafts@351d00c0]" name="test" class="enh.web.tests.ZestIOT_AV_2293_AISATS_HYD_Identify_coverage_of_Flight_Sensor_and_Validate_timestamps_of_Arrival_Aircrafts"/>
        <method signature="ZestIOT_AV_2293_BSSPL_Delhi_Identify_coverage_of_Flight_Sensor_and_Validate_timestamps_of_Arrival_Aircrafts.test()[pri:0, instance:enh.web.tests.ZestIOT_AV_2293_BSSPL_Delhi_Identify_coverage_of_Flight_Sensor_and_Validate_timestamps_of_Arrival_Aircrafts@2a3b5b47]" name="test" class="enh.web.tests.ZestIOT_AV_2293_BSSPL_Delhi_Identify_coverage_of_Flight_Sensor_and_Validate_timestamps_of_Arrival_Aircrafts"/>
        <method signature="ZestIOT_AV_2293_CELEBI_Delhi_Identify_coverage_of_Flight_Sensor_and_Validate_timestamps_of_Arrival_Aircrafts.test()[pri:0, instance:enh.web.tests.ZestIOT_AV_2293_CELEBI_Delhi_Identify_coverage_of_Flight_Sensor_and_Validate_timestamps_of_Arrival_Aircrafts@55b699ef]" name="test" class="enh.web.tests.ZestIOT_AV_2293_CELEBI_Delhi_Identify_coverage_of_Flight_Sensor_and_Validate_timestamps_of_Arrival_Aircrafts"/>
        <method signature="ZestIOT_AV_2293_DIAL_Delhi_Identify_coverage_of_Flight_Sensor_and_Validate_timestamps_of_Arrival_Aircrafts.test()[pri:0, instance:enh.web.tests.ZestIOT_AV_2293_DIAL_Delhi_Identify_coverage_of_Flight_Sensor_and_Validate_timestamps_of_Arrival_Aircrafts@35d019a3]" name="test" class="enh.web.tests.ZestIOT_AV_2293_DIAL_Delhi_Identify_coverage_of_Flight_Sensor_and_Validate_timestamps_of_Arrival_Aircrafts"/>
        <method signature="ZestIOT_AV_2293_GMR_HYD_Identify_coverage_of_Flight_Sensor_and_Validate_timestamps_of_Arrival_Aircrafts.test()[pri:0, instance:enh.web.tests.ZestIOT_AV_2293_GMR_HYD_Identify_coverage_of_Flight_Sensor_and_Validate_timestamps_of_Arrival_Aircrafts@689604d9]" name="test" class="enh.web.tests.ZestIOT_AV_2293_GMR_HYD_Identify_coverage_of_Flight_Sensor_and_Validate_timestamps_of_Arrival_Aircrafts"/>
        <method signature="ZestIOT_AV_2293_SG_HYD_Identify_coverage_of_Flight_Sensor_and_Validate_timestamps_of_Arrival_Aircrafts.test()[pri:0, instance:enh.web.tests.ZestIOT_AV_2293_SG_HYD_Identify_coverage_of_Flight_Sensor_and_Validate_timestamps_of_Arrival_Aircrafts@18078bef]" name="test" class="enh.web.tests.ZestIOT_AV_2293_SG_HYD_Identify_coverage_of_Flight_Sensor_and_Validate_timestamps_of_Arrival_Aircrafts"/>
        <method signature="ZestIOT_AV_2294__AISATS_HYD_Identify_coverage_of_Flight_Sensor_and_Validate_timestamps_of_Departure_Aircrafts.test()[pri:0, instance:enh.web.tests.ZestIOT_AV_2294__AISATS_HYD_Identify_coverage_of_Flight_Sensor_and_Validate_timestamps_of_Departure_Aircrafts@799f10e1]" name="test" class="enh.web.tests.ZestIOT_AV_2294__AISATS_HYD_Identify_coverage_of_Flight_Sensor_and_Validate_timestamps_of_Departure_Aircrafts"/>
        <method signature="ZestIOT_AV_2294__BSSPL_Delhi_Identify_coverage_of_Flight_Sensor_and_Validate_timestamps_of_Departure_Aircrafts.test()[pri:0, instance:enh.web.tests.ZestIOT_AV_2294__BSSPL_Delhi_Identify_coverage_of_Flight_Sensor_and_Validate_timestamps_of_Departure_Aircrafts@4c371370]" name="test" class="enh.web.tests.ZestIOT_AV_2294__BSSPL_Delhi_Identify_coverage_of_Flight_Sensor_and_Validate_timestamps_of_Departure_Aircrafts"/>
        <method signature="ZestIOT_AV_2294__CELEBI_Delhi_Identify_coverage_of_Flight_Sensor_and_Validate_timestamps_of_Departure_Aircrafts.test()[pri:0, instance:enh.web.tests.ZestIOT_AV_2294__CELEBI_Delhi_Identify_coverage_of_Flight_Sensor_and_Validate_timestamps_of_Departure_Aircrafts@145f66e3]" name="test" class="enh.web.tests.ZestIOT_AV_2294__CELEBI_Delhi_Identify_coverage_of_Flight_Sensor_and_Validate_timestamps_of_Departure_Aircrafts"/>
        <method signature="ZestIOT_AV_2294__DIAL_Delhi_Identify_coverage_of_Flight_Sensor_and_Validate_timestamps_of_Departure_Aircrafts.test()[pri:0, instance:enh.web.tests.ZestIOT_AV_2294__DIAL_Delhi_Identify_coverage_of_Flight_Sensor_and_Validate_timestamps_of_Departure_Aircrafts@3023df74]" name="test" class="enh.web.tests.ZestIOT_AV_2294__DIAL_Delhi_Identify_coverage_of_Flight_Sensor_and_Validate_timestamps_of_Departure_Aircrafts"/>
        <method signature="ZestIOT_AV_2294__GMR_HYD_Identify_coverage_of_Flight_Sensor_and_Validate_timestamps_of_Departure_Aircrafts.test()[pri:0, instance:enh.web.tests.ZestIOT_AV_2294__GMR_HYD_Identify_coverage_of_Flight_Sensor_and_Validate_timestamps_of_Departure_Aircrafts@313ac989]" name="test" class="enh.web.tests.ZestIOT_AV_2294__GMR_HYD_Identify_coverage_of_Flight_Sensor_and_Validate_timestamps_of_Departure_Aircrafts"/>
        <method signature="ZestIOT_AV_2294__SG_HYD_Identify_coverage_of_Flight_Sensor_and_Validate_timestamps_of_Departure_Aircrafts.test()[pri:0, instance:enh.web.tests.ZestIOT_AV_2294__SG_HYD_Identify_coverage_of_Flight_Sensor_and_Validate_timestamps_of_Departure_Aircrafts@4562e04d]" name="test" class="enh.web.tests.ZestIOT_AV_2294__SG_HYD_Identify_coverage_of_Flight_Sensor_and_Validate_timestamps_of_Departure_Aircrafts"/>
        <method signature="ZestIOT_AV_2307_DIAL_Delhi_Validate_LANDING_ONBLOCK_OFFBLOCK_AIRBORNE_timestamps_of_Arrival_and_Departure_aircrafts_Any_Data_source.test()[pri:0, instance:enh.web.tests.ZestIOT_AV_2307_DIAL_Delhi_Validate_LANDING_ONBLOCK_OFFBLOCK_AIRBORNE_timestamps_of_Arrival_and_Departure_aircrafts_Any_Data_source@2a65fe7c]" name="test" class="enh.web.tests.ZestIOT_AV_2307_DIAL_Delhi_Validate_LANDING_ONBLOCK_OFFBLOCK_AIRBORNE_timestamps_of_Arrival_and_Departure_aircrafts_Any_Data_source"/>
        <method signature="ZestIOT_AV_2307_GMR_HYD_Validate_LANDING_ONBLOCK_OFFBLOCK_AIRBORNE_timestamps_of_Arrival_and_Departure_aircrafts_Any_Data_source.test()[pri:0, instance:enh.web.tests.ZestIOT_AV_2307_GMR_HYD_Validate_LANDING_ONBLOCK_OFFBLOCK_AIRBORNE_timestamps_of_Arrival_and_Departure_aircrafts_Any_Data_source@4135c3b]" name="test" class="enh.web.tests.ZestIOT_AV_2307_GMR_HYD_Validate_LANDING_ONBLOCK_OFFBLOCK_AIRBORNE_timestamps_of_Arrival_and_Departure_aircrafts_Any_Data_source"/>
        <method signature="ZestIOT_AV_2307_SG_HYD_Validate_LANDING_ONBLOCK_OFFBLOCK_AIRBORNE_timestamps_of_Arrival_and_Departure_aircrafts_Any_Data_source.test()[pri:0, instance:enh.web.tests.ZestIOT_AV_2307_SG_HYD_Validate_LANDING_ONBLOCK_OFFBLOCK_AIRBORNE_timestamps_of_Arrival_and_Departure_aircrafts_Any_Data_source@6302bbb1]" name="test" class="enh.web.tests.ZestIOT_AV_2307_SG_HYD_Validate_LANDING_ONBLOCK_OFFBLOCK_AIRBORNE_timestamps_of_Arrival_and_Departure_aircrafts_Any_Data_source"/>
        <method signature="ZestIOT_AV_2405_bsspl.test()[pri:0, instance:enh.web.tests.ZestIOT_AV_2405_bsspl@31304f14]" name="test" class="enh.web.tests.ZestIOT_AV_2405_bsspl"/>
      </group> <!-- Regression -->
    </groups>
    <test name="regression-Tests" duration-ms="1840434" started-at="2020-01-13T10:14:18Z" finished-at="2020-01-13T10:44:58Z">
      <class name="enh.web.tests.ZestIOT_AV_2293_SG_HYD_Identify_coverage_of_Flight_Sensor_and_Validate_timestamps_of_Arrival_Aircrafts">
        <test-method status="PASS" signature="test()[pri:0, instance:enh.web.tests.ZestIOT_AV_2293_SG_HYD_Identify_coverage_of_Flight_Sensor_and_Validate_timestamps_of_Arrival_Aircrafts@18078bef]" name="test" duration-ms="26209" started-at="2020-01-13T15:58:25Z" description="Identify coverage of Flight Sensor and Validate timestamps of Arrival Aircrafts for SG-Hyderabad" finished-at="2020-01-13T15:58:51Z">
          <reporter-output>
          </reporter-output>
        </test-method> <!-- test -->
      </class> <!-- enh.web.tests.ZestIOT_AV_2293_SG_HYD_Identify_coverage_of_Flight_Sensor_and_Validate_timestamps_of_Arrival_Aircrafts -->
      <class name="enh.web.tests.ZestIOT_AV_2307_GMR_HYD_Validate_LANDING_ONBLOCK_OFFBLOCK_AIRBORNE_timestamps_of_Arrival_and_Departure_aircrafts_Any_Data_source">
        <test-method status="PASS" signature="test()[pri:0, instance:enh.web.tests.ZestIOT_AV_2307_GMR_HYD_Validate_LANDING_ONBLOCK_OFFBLOCK_AIRBORNE_timestamps_of_Arrival_and_Departure_aircrafts_Any_Data_source@4135c3b]" name="test" duration-ms="46711" started-at="2020-01-13T16:03:05Z" description="Validate LANDING, ONBLOCK, OFFBLOCK and AIRBORNE timestamps of Arrival and Departure aircrafts from Any Data source for GMR-HYD" finished-at="2020-01-13T16:03:52Z">
          <reporter-output>
          </reporter-output>
        </test-method> <!-- test -->
      </class> <!-- enh.web.tests.ZestIOT_AV_2307_GMR_HYD_Validate_LANDING_ONBLOCK_OFFBLOCK_AIRBORNE_timestamps_of_Arrival_and_Departure_aircrafts_Any_Data_source -->
      <class name="enh.web.tests.ZestIOT_AV_2293_AISATS_HYD_Identify_coverage_of_Flight_Sensor_and_Validate_timestamps_of_Arrival_Aircrafts">
        <test-method status="PASS" signature="test()[pri:0, instance:enh.web.tests.ZestIOT_AV_2293_AISATS_HYD_Identify_coverage_of_Flight_Sensor_and_Validate_timestamps_of_Arrival_Aircrafts@351d00c0]" name="test" duration-ms="28607" started-at="2020-01-13T15:56:28Z" description="Identify coverage of Flight Sensor and Validate timestamps of Arrival Aircrafts for AISATS-Hyderabad" finished-at="2020-01-13T15:56:57Z">
          <reporter-output>
          </reporter-output>
        </test-method> <!-- test -->
      </class> <!-- enh.web.tests.ZestIOT_AV_2293_AISATS_HYD_Identify_coverage_of_Flight_Sensor_and_Validate_timestamps_of_Arrival_Aircrafts -->
      <class name="enh.web.tests.ZestIOT_AV_2294__CELEBI_Delhi_Identify_coverage_of_Flight_Sensor_and_Validate_timestamps_of_Departure_Aircrafts">
        <test-method status="PASS" signature="test()[pri:0, instance:enh.web.tests.ZestIOT_AV_2294__CELEBI_Delhi_Identify_coverage_of_Flight_Sensor_and_Validate_timestamps_of_Departure_Aircrafts@145f66e3]" name="test" duration-ms="25423" started-at="2020-01-13T15:59:46Z" description="Identify coverage of Flight Sensor and Validate timestamps of Departure Aircrafts for CELEBI-Delhi user" finished-at="2020-01-13T16:00:12Z">
          <reporter-output>
          </reporter-output>
        </test-method> <!-- test -->
      </class> <!-- enh.web.tests.ZestIOT_AV_2294__CELEBI_Delhi_Identify_coverage_of_Flight_Sensor_and_Validate_timestamps_of_Departure_Aircrafts -->
      <class name="enh.web.tests.ZestIOT_AV_2307_SG_HYD_Validate_LANDING_ONBLOCK_OFFBLOCK_AIRBORNE_timestamps_of_Arrival_and_Departure_aircrafts_Any_Data_source">
        <test-method status="PASS" signature="test()[pri:0, instance:enh.web.tests.ZestIOT_AV_2307_SG_HYD_Validate_LANDING_ONBLOCK_OFFBLOCK_AIRBORNE_timestamps_of_Arrival_and_Departure_aircrafts_Any_Data_source@6302bbb1]" name="test" duration-ms="45099" started-at="2020-01-13T16:03:58Z" description="Validate LANDING, ONBLOCK, OFFBLOCK and AIRBORNE timestamps of Arrival and Departure aircrafts from Any Data source for SG-HYD" finished-at="2020-01-13T16:04:43Z">
          <reporter-output>
          </reporter-output>
        </test-method> <!-- test -->
      </class> <!-- enh.web.tests.ZestIOT_AV_2307_SG_HYD_Validate_LANDING_ONBLOCK_OFFBLOCK_AIRBORNE_timestamps_of_Arrival_and_Departure_aircrafts_Any_Data_source -->
      <class name="enh.web.tests.ZestIOT_AV_2294__BSSPL_Delhi_Identify_coverage_of_Flight_Sensor_and_Validate_timestamps_of_Departure_Aircrafts">
        <test-method status="PASS" signature="test()[pri:0, instance:enh.web.tests.ZestIOT_AV_2294__BSSPL_Delhi_Identify_coverage_of_Flight_Sensor_and_Validate_timestamps_of_Departure_Aircrafts@4c371370]" name="test" duration-ms="22037" started-at="2020-01-13T15:59:22Z" description="Identify coverage of Flight Sensor and Validate timestamps of Departure Aircrafts for BSSPL-Delhi user" finished-at="2020-01-13T15:59:44Z">
          <reporter-output>
          </reporter-output>
        </test-method> <!-- test -->
      </class> <!-- enh.web.tests.ZestIOT_AV_2294__BSSPL_Delhi_Identify_coverage_of_Flight_Sensor_and_Validate_timestamps_of_Departure_Aircrafts -->
      <class name="enh.web.tests.ZestIOT_AV_2293_GMR_HYD_Identify_coverage_of_Flight_Sensor_and_Validate_timestamps_of_Arrival_Aircrafts">
        <test-method status="PASS" signature="test()[pri:0, instance:enh.web.tests.ZestIOT_AV_2293_GMR_HYD_Identify_coverage_of_Flight_Sensor_and_Validate_timestamps_of_Arrival_Aircrafts@689604d9]" name="test" duration-ms="27655" started-at="2020-01-13T15:57:56Z" description="Identify coverage of Flight Sensor and Validate timestamps of Arrival Aircrafts for GMR-Hyderabad" finished-at="2020-01-13T15:58:24Z">
          <reporter-output>
          </reporter-output>
        </test-method> <!-- test -->
      </class> <!-- enh.web.tests.ZestIOT_AV_2293_GMR_HYD_Identify_coverage_of_Flight_Sensor_and_Validate_timestamps_of_Arrival_Aircrafts -->
      <class name="enh.web.tests.ZestIOT_AV_2293_CELEBI_Delhi_Identify_coverage_of_Flight_Sensor_and_Validate_timestamps_of_Arrival_Aircrafts">
        <test-method status="PASS" signature="test()[pri:0, instance:enh.web.tests.ZestIOT_AV_2293_CELEBI_Delhi_Identify_coverage_of_Flight_Sensor_and_Validate_timestamps_of_Arrival_Aircrafts@55b699ef]" name="test" duration-ms="17342" started-at="2020-01-13T15:57:15Z" description="Identify coverage of Flight Sensor and Validate timestamps of Arrival Aircrafts for CELEBI-Delhi user" finished-at="2020-01-13T15:57:33Z">
          <reporter-output>
          </reporter-output>
        </test-method> <!-- test -->
      </class> <!-- enh.web.tests.ZestIOT_AV_2293_CELEBI_Delhi_Identify_coverage_of_Flight_Sensor_and_Validate_timestamps_of_Arrival_Aircrafts -->
      <class name="enh.web.tests.ZestIOT_AV_2405_bsspl">
        <test-method status="PASS" signature="test()[pri:0, instance:enh.web.tests.ZestIOT_AV_2405_bsspl@31304f14]" name="test" duration-ms="601637" started-at="2020-01-13T16:04:50Z" description="ZestIOT_000_bsspl" finished-at="2020-01-13T16:14:52Z">
          <reporter-output>
          </reporter-output>
        </test-method> <!-- test -->
      </class> <!-- enh.web.tests.ZestIOT_AV_2405_bsspl -->
      <class name="enh.web.tests.ZestIOT_AV_2268_Validate_Accuracy_of_COBT_For_GMR_HYD_SG_User">
        <test-method status="PASS" signature="test()[pri:0, instance:enh.web.tests.ZestIOT_AV_2268_Validate_Accuracy_of_COBT_For_GMR_HYD_SG_User@49e53c76]" name="test" duration-ms="91006" started-at="2020-01-13T15:54:57Z" description="AV_2268_Validate_Accuracy_of_COBT_For_GMR_HYD_SG_User" finished-at="2020-01-13T15:56:28Z">
          <reporter-output>
          </reporter-output>
        </test-method> <!-- test -->
        <test-method status="PASS" signature="afterTest()[pri:0, instance:enh.web.tests.ZestIOT_AV_2268_Validate_Accuracy_of_COBT_For_GMR_HYD_SG_User@49e53c76]" name="afterTest" is-config="true" duration-ms="3089" started-at="2020-01-13T16:14:55Z" finished-at="2020-01-13T16:14:58Z">
          <reporter-output>
          </reporter-output>
        </test-method> <!-- afterTest -->
      </class> <!-- enh.web.tests.ZestIOT_AV_2268_Validate_Accuracy_of_COBT_For_GMR_HYD_SG_User -->
      <class name="enh.web.tests.ZestIOT_AV_2294__SG_HYD_Identify_coverage_of_Flight_Sensor_and_Validate_timestamps_of_Departure_Aircrafts">
        <test-method status="PASS" signature="test()[pri:0, instance:enh.web.tests.ZestIOT_AV_2294__SG_HYD_Identify_coverage_of_Flight_Sensor_and_Validate_timestamps_of_Departure_Aircrafts@4562e04d]" name="test" duration-ms="27721" started-at="2020-01-13T16:01:35Z" description="Identify coverage of Flight Sensor and Validate timestamps of Departure Aircrafts for SG-HYD" finished-at="2020-01-13T16:02:02Z">
          <reporter-output>
          </reporter-output>
        </test-method> <!-- test -->
      </class> <!-- enh.web.tests.ZestIOT_AV_2294__SG_HYD_Identify_coverage_of_Flight_Sensor_and_Validate_timestamps_of_Departure_Aircrafts -->
      <class name="enh.web.tests.ZestIOT_AV_2294__AISATS_HYD_Identify_coverage_of_Flight_Sensor_and_Validate_timestamps_of_Departure_Aircrafts">
        <test-method status="PASS" signature="test()[pri:0, instance:enh.web.tests.ZestIOT_AV_2294__AISATS_HYD_Identify_coverage_of_Flight_Sensor_and_Validate_timestamps_of_Departure_Aircrafts@799f10e1]" name="test" duration-ms="27646" started-at="2020-01-13T15:58:52Z" description="Identify coverage of Flight Sensor and Validate timestamps of Departure Aircrafts for AISATS-HYD" finished-at="2020-01-13T15:59:20Z">
          <reporter-output>
          </reporter-output>
        </test-method> <!-- test -->
      </class> <!-- enh.web.tests.ZestIOT_AV_2294__AISATS_HYD_Identify_coverage_of_Flight_Sensor_and_Validate_timestamps_of_Departure_Aircrafts -->
      <class name="enh.web.tests.ZestIOT_AV_2293_BSSPL_Delhi_Identify_coverage_of_Flight_Sensor_and_Validate_timestamps_of_Arrival_Aircrafts">
        <test-method status="PASS" signature="test()[pri:0, instance:enh.web.tests.ZestIOT_AV_2293_BSSPL_Delhi_Identify_coverage_of_Flight_Sensor_and_Validate_timestamps_of_Arrival_Aircrafts@2a3b5b47]" name="test" duration-ms="17119" started-at="2020-01-13T15:56:58Z" description="Identify coverage of Flight Sensor and Validate timestamps of Arrival Aircrafts for BSSPL-Delhi user" finished-at="2020-01-13T15:57:15Z">
          <reporter-output>
          </reporter-output>
        </test-method> <!-- test -->
      </class> <!-- enh.web.tests.ZestIOT_AV_2293_BSSPL_Delhi_Identify_coverage_of_Flight_Sensor_and_Validate_timestamps_of_Arrival_Aircrafts -->
      <class name="enh.web.tests.ZestIOT_AV_2294__GMR_HYD_Identify_coverage_of_Flight_Sensor_and_Validate_timestamps_of_Departure_Aircrafts">
        <test-method status="PASS" signature="test()[pri:0, instance:enh.web.tests.ZestIOT_AV_2294__GMR_HYD_Identify_coverage_of_Flight_Sensor_and_Validate_timestamps_of_Departure_Aircrafts@313ac989]" name="test" duration-ms="39085" started-at="2020-01-13T16:00:50Z" description="Identify coverage of Flight Sensor and Validate timestamps of Departure Aircrafts for GMR-HYD" finished-at="2020-01-13T16:01:29Z">
          <reporter-output>
          </reporter-output>
        </test-method> <!-- test -->
      </class> <!-- enh.web.tests.ZestIOT_AV_2294__GMR_HYD_Identify_coverage_of_Flight_Sensor_and_Validate_timestamps_of_Departure_Aircrafts -->
      <class name="enh.web.tests.ZestIOT_AV_2268_Validate_Accuracy_of_COBT_For_GMR_HYD_AISATS_User">
        <test-method status="PASS" signature="test()[pri:0, instance:enh.web.tests.ZestIOT_AV_2268_Validate_Accuracy_of_COBT_For_GMR_HYD_AISATS_User@38d8f54a]" name="test" duration-ms="218264" started-at="2020-01-13T15:51:17Z" description="AV_2268_Validate_Accuracy_of_COBT_For_GMR_HYD_AISATS_User" finished-at="2020-01-13T15:54:56Z">
          <reporter-output>
          </reporter-output>
        </test-method> <!-- test -->
      </class> <!-- enh.web.tests.ZestIOT_AV_2268_Validate_Accuracy_of_COBT_For_GMR_HYD_AISATS_User -->
      <class name="enh.web.tests.ZestIOT_AV_2293_DIAL_Delhi_Identify_coverage_of_Flight_Sensor_and_Validate_timestamps_of_Arrival_Aircrafts">
        <test-method status="PASS" signature="test()[pri:0, instance:enh.web.tests.ZestIOT_AV_2293_DIAL_Delhi_Identify_coverage_of_Flight_Sensor_and_Validate_timestamps_of_Arrival_Aircrafts@35d019a3]" name="test" duration-ms="20706" started-at="2020-01-13T15:57:34Z" description="Identify coverage of Flight Sensor and Validate timestamps of Arrival Aircrafts for DIAL-Delhi" finished-at="2020-01-13T15:57:55Z">
          <reporter-output>
          </reporter-output>
        </test-method> <!-- test -->
      </class> <!-- enh.web.tests.ZestIOT_AV_2293_DIAL_Delhi_Identify_coverage_of_Flight_Sensor_and_Validate_timestamps_of_Arrival_Aircrafts -->
      <class name="enh.web.tests.ZestIOT_AV_2268_Validate_Accuracy_of_COBT_For_DIALCelebi_User">
        <test-method status="PASS" signature="test()[pri:0, instance:enh.web.tests.ZestIOT_AV_2268_Validate_Accuracy_of_COBT_For_DIALCelebi_User@409bf450]" name="test" duration-ms="400433" started-at="2020-01-13T15:44:35Z" description="AV_2268_Validate_Accuracy_of_COBT_For_DIALCelebi_User" finished-at="2020-01-13T15:51:16Z">
          <reporter-output>
          </reporter-output>
        </test-method> <!-- test -->
      </class> <!-- enh.web.tests.ZestIOT_AV_2268_Validate_Accuracy_of_COBT_For_DIALCelebi_User -->
      <class name="enh.web.tests.ZestIOT_AV_2294__DIAL_Delhi_Identify_coverage_of_Flight_Sensor_and_Validate_timestamps_of_Departure_Aircrafts">
        <test-method status="PASS" signature="test()[pri:0, instance:enh.web.tests.ZestIOT_AV_2294__DIAL_Delhi_Identify_coverage_of_Flight_Sensor_and_Validate_timestamps_of_Departure_Aircrafts@3023df74]" name="test" duration-ms="31994" started-at="2020-01-13T16:00:14Z" description="Identify coverage of Flight Sensor and Validate timestamps of Departure Aircrafts for DIAL-Delhi" finished-at="2020-01-13T16:00:46Z">
          <reporter-output>
          </reporter-output>
        </test-method> <!-- test -->
      </class> <!-- enh.web.tests.ZestIOT_AV_2294__DIAL_Delhi_Identify_coverage_of_Flight_Sensor_and_Validate_timestamps_of_Departure_Aircrafts -->
      <class name="enh.web.tests.ZestIOT_AV_2307_DIAL_Delhi_Validate_LANDING_ONBLOCK_OFFBLOCK_AIRBORNE_timestamps_of_Arrival_and_Departure_aircrafts_Any_Data_source">
        <test-method status="PASS" signature="test()[pri:0, instance:enh.web.tests.ZestIOT_AV_2307_DIAL_Delhi_Validate_LANDING_ONBLOCK_OFFBLOCK_AIRBORNE_timestamps_of_Arrival_and_Departure_aircrafts_Any_Data_source@2a65fe7c]" name="test" duration-ms="50399" started-at="2020-01-13T16:02:08Z" description="Validate LANDING, ONBLOCK, OFFBLOCK and AIRBORNE timestamps of Arrival and Departure aircrafts from Any Data source for DIAL-Delhi" finished-at="2020-01-13T16:02:59Z">
          <reporter-output>
          </reporter-output>
        </test-method> <!-- test -->
      </class> <!-- enh.web.tests.ZestIOT_AV_2307_DIAL_Delhi_Validate_LANDING_ONBLOCK_OFFBLOCK_AIRBORNE_timestamps_of_Arrival_and_Departure_aircrafts_Any_Data_source -->
    </test> <!-- regression-Tests -->
  </suite> <!-- regression -->
</testng-results>
