<?xml version="1.0" encoding="UTF-8"?>
<testng-results skipped="0" failed="0" ignored="0" total="8" passed="8">
  <reporter-output>
  </reporter-output>
  <suite name="smoke" duration-ms="164012" started-at="2019-12-11T06:59:41Z" finished-at="2019-12-11T07:02:25Z">
    <groups>
      <group name="Regression">
        <method signature="ZestIOT_AV_2268_Validate_Accuracy_of_COBT_For_DIALCelebi_User.test()[pri:0, instance:enh.web.tests.ZestIOT_AV_2268_Validate_Accuracy_of_COBT_For_DIALCelebi_User@1d2adfbe]" name="test" class="enh.web.tests.ZestIOT_AV_2268_Validate_Accuracy_of_COBT_For_DIALCelebi_User"/>
        <method signature="ZestIOT_AV_2268_Validate_Accuracy_of_COBT_For_GMR_HYD_AISATS_User.test()[pri:0, instance:enh.web.tests.ZestIOT_AV_2268_Validate_Accuracy_of_COBT_For_GMR_HYD_AISATS_User@36902638]" name="test" class="enh.web.tests.ZestIOT_AV_2268_Validate_Accuracy_of_COBT_For_GMR_HYD_AISATS_User"/>
        <method signature="ZestIOT_AV_2268_Validate_Accuracy_of_COBT_For_GMR_HYD_SG_User.test()[pri:0, instance:enh.web.tests.ZestIOT_AV_2268_Validate_Accuracy_of_COBT_For_GMR_HYD_SG_User@223d2c72]" name="test" class="enh.web.tests.ZestIOT_AV_2268_Validate_Accuracy_of_COBT_For_GMR_HYD_SG_User"/>
        <method signature="ZestIOT_AV_2293_DIAL_Delhi_Identify_coverage_of_Flight_Sensor_and_Validate_timestamps_of_Arrival_Aircrafts.test()[pri:0, instance:enh.web.tests.ZestIOT_AV_2293_DIAL_Delhi_Identify_coverage_of_Flight_Sensor_and_Validate_timestamps_of_Arrival_Aircrafts@8f4ea7c]" name="test" class="enh.web.tests.ZestIOT_AV_2293_DIAL_Delhi_Identify_coverage_of_Flight_Sensor_and_Validate_timestamps_of_Arrival_Aircrafts"/>
        <method signature="ZestIOT_AV_2293_GMR_HYD_Identify_coverage_of_Flight_Sensor_and_Validate_timestamps_of_Arrival_Aircrafts.test()[pri:0, instance:enh.web.tests.ZestIOT_AV_2293_GMR_HYD_Identify_coverage_of_Flight_Sensor_and_Validate_timestamps_of_Arrival_Aircrafts@436813f3]" name="test" class="enh.web.tests.ZestIOT_AV_2293_GMR_HYD_Identify_coverage_of_Flight_Sensor_and_Validate_timestamps_of_Arrival_Aircrafts"/>
        <method signature="ZestIOT_AV_2294__DIAL_Delhi_Identify_coverage_of_Flight_Sensor_and_Validate_timestamps_of_Departure_Aircrafts.test()[pri:0, instance:enh.web.tests.ZestIOT_AV_2294__DIAL_Delhi_Identify_coverage_of_Flight_Sensor_and_Validate_timestamps_of_Departure_Aircrafts@74fe5c40]" name="test" class="enh.web.tests.ZestIOT_AV_2294__DIAL_Delhi_Identify_coverage_of_Flight_Sensor_and_Validate_timestamps_of_Departure_Aircrafts"/>
        <method signature="ZestIOT_AV_2294__GMR_HYD_Identify_coverage_of_Flight_Sensor_and_Validate_timestamps_of_Departure_Aircrafts.test()[pri:0, instance:enh.web.tests.ZestIOT_AV_2294__GMR_HYD_Identify_coverage_of_Flight_Sensor_and_Validate_timestamps_of_Departure_Aircrafts@3febb011]" name="test" class="enh.web.tests.ZestIOT_AV_2294__GMR_HYD_Identify_coverage_of_Flight_Sensor_and_Validate_timestamps_of_Departure_Aircrafts"/>
        <method signature="ZestIOT_AV_2307_Validate_LANDING_ONBLOCK_OFFBLOCK_AIRBORNE_timestamps_of_Arrival_and_Departure_aircrafts_Any_Data_source.test()[pri:0, instance:enh.web.tests.ZestIOT_AV_2307_Validate_LANDING_ONBLOCK_OFFBLOCK_AIRBORNE_timestamps_of_Arrival_and_Departure_aircrafts_Any_Data_source@10e31a9a]" name="test" class="enh.web.tests.ZestIOT_AV_2307_Validate_LANDING_ONBLOCK_OFFBLOCK_AIRBORNE_timestamps_of_Arrival_and_Departure_aircrafts_Any_Data_source"/>
      </group> <!-- Regression -->
    </groups>
    <test name="smoke-Tests" duration-ms="164012" started-at="2019-12-11T06:59:41Z" finished-at="2019-12-11T07:02:25Z">
      <class name="enh.web.tests.ZestIOT_AV_2294__GMR_HYD_Identify_coverage_of_Flight_Sensor_and_Validate_timestamps_of_Departure_Aircrafts">
        <test-method status="PASS" signature="test()[pri:0, instance:enh.web.tests.ZestIOT_AV_2294__GMR_HYD_Identify_coverage_of_Flight_Sensor_and_Validate_timestamps_of_Departure_Aircrafts@3febb011]" name="test" duration-ms="24727" started-at="2019-12-11T12:31:18Z" description="AV_2294_Identify_coverage_of_Flight_Sensor_and_Validate_timestamps_of_Departure_Aircrafts" finished-at="2019-12-11T12:31:43Z">
          <reporter-output>
          </reporter-output>
        </test-method> <!-- test -->
      </class> <!-- enh.web.tests.ZestIOT_AV_2294__GMR_HYD_Identify_coverage_of_Flight_Sensor_and_Validate_timestamps_of_Departure_Aircrafts -->
      <class name="enh.web.tests.ZestIOT_AV_2268_Validate_Accuracy_of_COBT_For_GMR_HYD_AISATS_User">
        <test-method status="PASS" signature="test()[pri:0, instance:enh.web.tests.ZestIOT_AV_2268_Validate_Accuracy_of_COBT_For_GMR_HYD_AISATS_User@36902638]" name="test" duration-ms="5886" started-at="2019-12-11T12:30:00Z" description="AV_2268_Validate_Accuracy_of_COBT_For_GMR_HYD_AISATS_User" finished-at="2019-12-11T12:30:06Z">
          <reporter-output>
          </reporter-output>
        </test-method> <!-- test -->
      </class> <!-- enh.web.tests.ZestIOT_AV_2268_Validate_Accuracy_of_COBT_For_GMR_HYD_AISATS_User -->
      <class name="enh.web.tests.ZestIOT_AV_2307_Validate_LANDING_ONBLOCK_OFFBLOCK_AIRBORNE_timestamps_of_Arrival_and_Departure_aircrafts_Any_Data_source">
        <test-method status="PASS" signature="test()[pri:0, instance:enh.web.tests.ZestIOT_AV_2307_Validate_LANDING_ONBLOCK_OFFBLOCK_AIRBORNE_timestamps_of_Arrival_and_Departure_aircrafts_Any_Data_source@10e31a9a]" name="test" duration-ms="38544" started-at="2019-12-11T12:31:45Z" description="AV_2307_Validate_LANDING_ONBLOCK_OFFBLOCK_AIRBORNE_timestamps_of_Arrival_and_Departure_aircrafts_Any_Data_source" finished-at="2019-12-11T12:32:23Z">
          <reporter-output>
          </reporter-output>
        </test-method> <!-- test -->
      </class> <!-- enh.web.tests.ZestIOT_AV_2307_Validate_LANDING_ONBLOCK_OFFBLOCK_AIRBORNE_timestamps_of_Arrival_and_Departure_aircrafts_Any_Data_source -->
      <class name="enh.web.tests.ZestIOT_AV_2293_DIAL_Delhi_Identify_coverage_of_Flight_Sensor_and_Validate_timestamps_of_Arrival_Aircrafts">
        <test-method status="PASS" signature="test()[pri:0, instance:enh.web.tests.ZestIOT_AV_2293_DIAL_Delhi_Identify_coverage_of_Flight_Sensor_and_Validate_timestamps_of_Arrival_Aircrafts@8f4ea7c]" name="test" duration-ms="18218" started-at="2019-12-11T12:30:13Z" description="To validate Scheduled and Sensor data for GMR-Hyderabad" finished-at="2019-12-11T12:30:31Z">
          <reporter-output>
          </reporter-output>
        </test-method> <!-- test -->
      </class> <!-- enh.web.tests.ZestIOT_AV_2293_DIAL_Delhi_Identify_coverage_of_Flight_Sensor_and_Validate_timestamps_of_Arrival_Aircrafts -->
      <class name="enh.web.tests.ZestIOT_AV_2268_Validate_Accuracy_of_COBT_For_DIALCelebi_User">
        <test-method status="PASS" signature="test()[pri:0, instance:enh.web.tests.ZestIOT_AV_2268_Validate_Accuracy_of_COBT_For_DIALCelebi_User@1d2adfbe]" name="test" duration-ms="5410" started-at="2019-12-11T12:29:53Z" description="AV_2268_Validate_Accuracy_of_COBT_For_DIALCelebi_User" finished-at="2019-12-11T12:29:58Z">
          <reporter-output>
          </reporter-output>
        </test-method> <!-- test -->
      </class> <!-- enh.web.tests.ZestIOT_AV_2268_Validate_Accuracy_of_COBT_For_DIALCelebi_User -->
      <class name="enh.web.tests.ZestIOT_AV_2293_GMR_HYD_Identify_coverage_of_Flight_Sensor_and_Validate_timestamps_of_Arrival_Aircrafts">
        <test-method status="PASS" signature="test()[pri:0, instance:enh.web.tests.ZestIOT_AV_2293_GMR_HYD_Identify_coverage_of_Flight_Sensor_and_Validate_timestamps_of_Arrival_Aircrafts@436813f3]" name="test" duration-ms="23033" started-at="2019-12-11T12:30:32Z" description="AV_2293_Identify_coverage_of_Flight_Sensor_and_Validate_timestamps_of_Arrival_Aircrafts" finished-at="2019-12-11T12:30:55Z">
          <reporter-output>
          </reporter-output>
        </test-method> <!-- test -->
      </class> <!-- enh.web.tests.ZestIOT_AV_2293_GMR_HYD_Identify_coverage_of_Flight_Sensor_and_Validate_timestamps_of_Arrival_Aircrafts -->
      <class name="enh.web.tests.ZestIOT_AV_2294__DIAL_Delhi_Identify_coverage_of_Flight_Sensor_and_Validate_timestamps_of_Departure_Aircrafts">
        <test-method status="PASS" signature="test()[pri:0, instance:enh.web.tests.ZestIOT_AV_2294__DIAL_Delhi_Identify_coverage_of_Flight_Sensor_and_Validate_timestamps_of_Departure_Aircrafts@74fe5c40]" name="test" duration-ms="21146" started-at="2019-12-11T12:30:56Z" description="AV_2294_Identify_coverage_of_Flight_Sensor_and_Validate_timestamps_of_Departure_Aircrafts" finished-at="2019-12-11T12:31:17Z">
          <reporter-output>
          </reporter-output>
        </test-method> <!-- test -->
      </class> <!-- enh.web.tests.ZestIOT_AV_2294__DIAL_Delhi_Identify_coverage_of_Flight_Sensor_and_Validate_timestamps_of_Departure_Aircrafts -->
      <class name="enh.web.tests.ZestIOT_AV_2268_Validate_Accuracy_of_COBT_For_GMR_HYD_SG_User">
        <test-method status="PASS" signature="test()[pri:0, instance:enh.web.tests.ZestIOT_AV_2268_Validate_Accuracy_of_COBT_For_GMR_HYD_SG_User@223d2c72]" name="test" duration-ms="5875" started-at="2019-12-11T12:30:07Z" description="AV_2268_Validate_Accuracy_of_COBT_For_GMR_HYD_SG_User" finished-at="2019-12-11T12:30:12Z">
          <reporter-output>
          </reporter-output>
        </test-method> <!-- test -->
        <test-method status="PASS" signature="afterTest()[pri:0, instance:enh.web.tests.ZestIOT_AV_2268_Validate_Accuracy_of_COBT_For_GMR_HYD_SG_User@223d2c72]" name="afterTest" is-config="true" duration-ms="799" started-at="2019-12-11T12:32:25Z" finished-at="2019-12-11T12:32:25Z">
          <reporter-output>
          </reporter-output>
        </test-method> <!-- afterTest -->
      </class> <!-- enh.web.tests.ZestIOT_AV_2268_Validate_Accuracy_of_COBT_For_GMR_HYD_SG_User -->
    </test> <!-- smoke-Tests -->
  </suite> <!-- smoke -->
</testng-results>
