<?xml version="1.0" encoding="UTF-8"?>
<!-- Generated by org.testng.reporters.JUnitXMLReporter -->
<testsuite hostname="DESKTOP-4FTJ60U" ignored="0" name="smoke-Tests" tests="8" failures="0" timestamp="10 Dec 2019 12:38:11 GMT" time="150.37" errors="0">
  <testcase name="test" time="5.722" classname="enh.web.tests.ZestIOT_AV_2268_Validate_Accuracy_of_COBT_For_DIALCelebi_User"/>
  <testcase name="test" time="4.695" classname="enh.web.tests.ZestIOT_AV_2268_Validate_Accuracy_of_COBT_For_GMR_HYD_AISATS_User"/>
  <testcase name="test" time="4.633" classname="enh.web.tests.ZestIOT_AV_2268_Validate_Accuracy_of_COBT_For_GMR_HYD_SG_User"/>
  <testcase name="test" time="17.746" classname="enh.web.tests.ZestIOT_AV_2293_DIAL_Delhi_Identify_coverage_of_Flight_Sensor_and_Validate_timestamps_of_Arrival_Aircrafts"/>
  <testcase name="test" time="17.133" classname="enh.web.tests.ZestIOT_AV_2293_GMR_HYD_Identify_coverage_of_Flight_Sensor_and_Validate_timestamps_of_Arrival_Aircrafts"/>
  <testcase name="test" time="21.13" classname="enh.web.tests.ZestIOT_AV_2294__DIAL_Delhi_Identify_coverage_of_Flight_Sensor_and_Validate_timestamps_of_Departure_Aircrafts"/>
  <testcase name="test" time="22.339" classname="enh.web.tests.ZestIOT_AV_2294__GMR_HYD_Identify_coverage_of_Flight_Sensor_and_Validate_timestamps_of_Departure_Aircrafts"/>
  <testcase name="test" time="38.324" classname="enh.web.tests.ZestIOT_AV_2307_Validate_LANDING_ONBLOCK_OFFBLOCK_AIRBORNE_timestamps_of_Arrival_and_Departure_aircrafts_Any_Data_source"/>
</testsuite> <!-- smoke-Tests -->
